<?xml version="1.0" encoding="UTF-8"?>
<!-- Generated by org.testng.reporters.JUnitXMLReporter -->
<testsuite ignored="0" hostname="PC" failures="1" tests="1" name="TestNG_Module2" time="0.108" errors="0" timestamp="2024-07-07T17:19:31 IST">
  <testcase classname="TestNG_Module2.ParameterM2" name="m1" time="0.0">
    <failure type="org.testng.TestNGException" message="
Parameter &amp;apos;i&amp;apos; is required by @Test on method m1 but has not been marked @Optional or defined
in C:\Users\RINKI\eclipse-workspace\SeleniumClass\testng.xml">
      <![CDATA[org.testng.TestNGException: 
Parameter 'i' is required by @Test on method m1 but has not been marked @Optional or defined
in C:\Users\RINKI\eclipse-workspace\SeleniumClass\testng.xml
at java.base/java.util.ArrayList.forEach(ArrayList.java:1596)
... Removed 26 stack frames]]>
    </failure>
  </testcase> <!-- m1 -->
</testsuite> <!-- TestNG_Module2 -->
